============================================================================
    PC_MOSAIC/CLIPIMG LEVEL 3  MOSAIC PRODUCT REPORT   [ SPOT6_201510060213130_233_210_MS ]
============================================================================
PRODUCT: CSR_A0013065_SP6H1M_20151006  BSQ  LEVEL 3 
PROCESSED: TAIWAN SRSL,NCU, PC-MOSAIC ON 20211116
FILE ID:  SPOT6_201510060213130_233_210_MS
 
    IMAGE PARAMETERS:
**************************************************************************
Input Scene:
MSGPS File ID:  A0013065 (source image)      ON 20210415
(28177,10594) -- from (line:5012, sample:1714) to (line:7319, sample:3821)
 
Pixel Spacing:
	Sample : 6.000 (meter), 	Line  : 6.000 (meter)
Ground Coverage:
	Height : 13848.000 (meter),	Width : 12648.000 (meter)
 
SCENE CENTER PARAMETERS :
 GMT:  2015-10-06T02:13:25.121
Latitude    :    25.0625061,	Longitude     :   121.1875130
Northing    :   2772714.000,	Easting       :    268918.000
Line Number :       1154.50,	Sample Number :       1054.50
 
CORNER PARAMETERS:                         MAP SYSTEM :TWD97
CORNER    Latitude     Longitude      Northing       Easting    Line   Pixel
 UL:    25.1250837   121.1248939   2779638.000    262594.000       1       1
 UR:    25.1249249   121.2503225   2779638.000    275242.000       1    2108
 LR:    24.9999021   121.2500686   2765790.000    275242.000    2308    2108
 LL:    25.0000600   121.1247672   2765790.000    262594.000    2308       1
 
SCENE PARAMETERS :
 Incidence Angle  :       16.766568,   Orientation :     343.533907
Azimuth          :      140.177269,   Elevation   :      53.551774
 View Angle Along Track :         13.042276,   View Angle Across Track :        7.593934
View Angle    :15.188659

PHYSICAL GAIN    :
	8.010000  9.350000  10.340000  13.880000
 
PHYSICAL BIAS :
	       0.000000         0.000000         0.000000         0.000000
 
        F I L E    L I S T I N G : (MOSAIC format)
***********************************************************
File                              FileName
Imagery File( Band 1 BLUE )       SPOT6_201510060213130_233_210_MS.1.bsq
Imagery File( Band 2 GREEN )      SPOT6_201510060213130_233_210_MS.2.bsq
Imagery File( Band 3 RED )        SPOT6_201510060213130_233_210_MS.3.bsq
Imagery File( Band 4 NIR )        SPOT6_201510060213130_233_210_MS.4.bsq
Image Report Files                SPOT6_201510060213130_233_210_MS.RPT
                                                           
        NOTES FOR READING THIS IMAGE : 
***********************************************************
1. It is 16 bits BSQ(Bands Sequential) structure product. Each
   imagery file is for one band.
2. Image Size :    2308  lines   *    2108   samples.
3. Image(Line:1, Sample:1) is located at imagery file (record:1, byte:1).
4. Geographic Coordinate is defined at image [CORNER].
5. Image Coordinate is defined at [Pixel Center].

        GEOMETRIC QUALITY ASSESSMENT REPORT : 
***********************************************************
DTM File Description : TWD97
Map Projection : TWD97
Image Resampling Method : CC

Reflectance Radiance = Digital Count / Physical GAIN  (Unit: W/m^2/?gm/sr)

