============================================================================
    PC_MOSAIC/CLIPIMG LEVEL 3  MOSAIC PRODUCT REPORT   [ SPOT6_201504140208470_233_210_MS ]
============================================================================
PRODUCT: CSR_P0019886_SP6H1M_20150414  BSQ  LEVEL 3 
PROCESSED: TAIWAN SRSL,NCU, PC-MOSAIC ON 20210414
FILE ID:  SPOT6_201504140208470_233_210_MS
 
    IMAGE PARAMETERS:
**************************************************************************
Input Scene:
MSGPS File ID:  P0019886 (source image)      ON 20150421
(9630,10189) -- from (line:1795, sample:3048) to (line:4102, sample:5155)
 
Pixel Spacing:
	Sample : 6.000 (meter), 	Line  : 6.000 (meter)
Ground Coverage:
	Height : 13848.000 (meter),	Width : 12648.000 (meter)
 
SCENE CENTER PARAMETERS :
 GMT:  2015/04/14 02:08:51
Latitude    :    25.0625061,	Longitude     :   121.1875130
Northing    :   2772714.000,	Easting       :    268918.000
Line Number :       1154.50,	Sample Number :       1054.50
 
CORNER PARAMETERS:                         MAP SYSTEM :TWD97
CORNER    Latitude     Longitude      Northing       Easting    Line   Pixel
 UL:    25.1250837   121.1248939   2779638.000    262594.000       1       1
 UR:    25.1249249   121.2503225   2779638.000    275242.000       1    2108
 LR:    24.9999021   121.2500686   2765790.000    275242.000    2308    2108
 LL:    25.0000600   121.1247672   2765790.000    262594.000    2308       1
 
SCENE PARAMETERS :
 Incidence Angle  :       12.136504,   Orientation :      36.676707
 Azimuth          :      117.940468,   Elevation   :      59.425008
 View Angle Along Track :       10.052755,   View Angle Across Track :      -4.618422
View Angle    :11.026204

PHYSICAL GAIN    :
	8.010000  9.350000  10.340000  13.880000  
 
PHYSICAL BIAS :
	       0         0         0         0  
 
        F I L E    L I S T I N G : (MOSAIC format)
***********************************************************
File                              FileName
Imagery File( Band 1 BLUE )       SPOT6_201504140208470_233_210_MS.1.bsq
Imagery File( Band 2 GREEN )      SPOT6_201504140208470_233_210_MS.2.bsq
Imagery File( Band 3 RED )        SPOT6_201504140208470_233_210_MS.3.bsq
Imagery File( Band 4 NIR )        SPOT6_201504140208470_233_210_MS.4.bsq
Image Report Files                SPOT6_201504140208470_233_210_MS.RPT
                                                           
        NOTES FOR READING THIS IMAGE : 
***********************************************************
1. It is 16 bits BSQ(Bands Sequential) structure product. Each
   imagery file is for one band.
2. Image Size :    2308  lines   *    2108   samples.
3. Image(Line:1, Sample:1) is located at imagery file (record:1, byte:1).
4. Geographic Coordinate is defined at image [CORNER].
5. Image Coordinate is defined at [Pixel Center].

        GEOMETRIC QUALITY ASSESSMENT REPORT : 
***********************************************************
DTM File Description : TWD97
Map Projection : TWD97   
Image Resampling Method : CC

Reflectance Radiance = Digital Count / Physical GAIN  (Unit: W/m^2/μm/sr)

